[2024-02-26 11:44:15.133 +00:00  WRN]  The WebRootPath was not found: C:\Users\luisc\Documents\projects\angular\LCPSocialNetwork\api\LCPSNWebApi\wwwroot. Static files may be unavailable.
[2024-02-26 11:44:15.230 +00:00  INF]  User profile is available. Using 'C:\Users\luisc\AppData\Local\ASP.NET\DataProtection-Keys' as key repository and Windows DPAPI to encrypt keys at rest.
[2024-02-26 11:44:15.818 +00:00  WRN]  The WebRootPath was not found: C:\Users\luisc\Documents\projects\angular\LCPSocialNetwork\api\LCPSNWebApi\wwwroot. Static files may be unavailable.
[2024-02-26 11:44:15.848 +00:00  INF]  Now listening on: http://localhost:5000
[2024-02-26 11:44:15.853 +00:00  INF]  Application started. Press Ctrl+C to shut down.
[2024-02-26 11:44:15.854 +00:00  INF]  Hosting environment: Production
[2024-02-26 11:44:15.854 +00:00  INF]  Content root path: C:\Users\luisc\Documents\projects\angular\LCPSocialNetwork\api\LCPSNWebApi
[2024-02-26 11:44:25.335 +00:00  INF]  Application is shutting down...
[2024-02-26 11:44:45.245 +00:00  INF]  User profile is available. Using 'C:\Users\luisc\AppData\Local\ASP.NET\DataProtection-Keys' as key repository and Windows DPAPI to encrypt keys at rest.
[2024-02-26 11:44:45.500 +00:00  INF]  Now listening on: http://localhost:5000
[2024-02-26 11:44:45.502 +00:00  INF]  Application started. Press Ctrl+C to shut down.
[2024-02-26 11:44:45.502 +00:00  INF]  Hosting environment: Production
[2024-02-26 11:44:45.502 +00:00  INF]  Content root path: C:\Users\luisc\Documents\projects\angular\LCPSocialNetwork\api\LCPSNWebApi
[2024-02-26 11:44:51.594 +00:00  INF]  Application is shutting down...
[2024-02-26 11:46:00.845 +00:00  INF]  User profile is available. Using 'C:\Users\luisc\AppData\Local\ASP.NET\DataProtection-Keys' as key repository and Windows DPAPI to encrypt keys at rest.
[2024-02-26 11:46:01.152 +00:00  INF]  Now listening on: https://localhost:5000
[2024-02-26 11:46:01.153 +00:00  INF]  Now listening on: http://localhost:5001
[2024-02-26 11:46:01.155 +00:00  INF]  Application started. Press Ctrl+C to shut down.
[2024-02-26 11:46:01.156 +00:00  INF]  Hosting environment: Development
[2024-02-26 11:46:01.156 +00:00  INF]  Content root path: C:\Users\luisc\Documents\projects\angular\LCPSocialNetwork\api\LCPSNWebApi
[2024-02-26 11:46:06.652 +00:00  INF]  Request starting HTTP/2 GET https://localhost:5000/ - null null
[2024-02-26 11:46:07.506 +00:00  INF]  Request starting HTTP/2 GET https://localhost:5000/service-worker.js - null null
[2024-02-26 11:46:08.422 +00:00  ERR]  An unhandled exception has occurred while executing the request.
System.ArgumentException: IDX10703: Cannot create a 'Microsoft.IdentityModel.Tokens.SymmetricSecurityKey', key length is zero.
   at Microsoft.IdentityModel.Tokens.SymmetricSecurityKey..ctor(Byte[] key)
   at Program.<>c__DisplayClass0_0.<<Main>$>b__1(JwtBearerOptions options) in C:\Users\luisc\Documents\projects\angular\LCPSocialNetwork\api\LCPSNWebApi\Program.cs:line 59
   at Microsoft.Extensions.Options.OptionsFactory`1.Create(String name)
   at System.Lazy`1.ViaFactory(LazyThreadSafetyMode mode)
--- End of stack trace from previous location ---
   at System.Lazy`1.CreateValue()
   at Microsoft.Extensions.Options.OptionsCache`1.GetOrAdd[TArg](String name, Func`3 createOptions, TArg factoryArgument)
   at Microsoft.Extensions.Options.OptionsMonitor`1.Get(String name)
   at Microsoft.AspNetCore.Authentication.AuthenticationHandler`1.InitializeAsync(AuthenticationScheme scheme, HttpContext context)
   at Microsoft.AspNetCore.Authentication.AuthenticationHandlerProvider.GetHandlerAsync(HttpContext context, String authenticationScheme)
   at Microsoft.AspNetCore.Authentication.AuthenticationHandlerProvider.GetHandlerAsync(HttpContext context, String authenticationScheme)
   at Microsoft.AspNetCore.Authentication.AuthenticationService.AuthenticateAsync(HttpContext context, String scheme)
   at Microsoft.AspNetCore.Authentication.AuthenticationService.AuthenticateAsync(HttpContext context, String scheme)
   at Microsoft.AspNetCore.Authentication.AuthenticationMiddleware.Invoke(HttpContext context)
   at Microsoft.AspNetCore.Authentication.AuthenticationMiddleware.Invoke(HttpContext context)
   at Swashbuckle.AspNetCore.SwaggerUI.SwaggerUIMiddleware.Invoke(HttpContext httpContext)
   at Swashbuckle.AspNetCore.SwaggerUI.SwaggerUIMiddleware.Invoke(HttpContext httpContext)
   at Swashbuckle.AspNetCore.Swagger.SwaggerMiddleware.Invoke(HttpContext httpContext, ISwaggerProvider swaggerProvider)
   at Microsoft.AspNetCore.Diagnostics.DeveloperExceptionPageMiddlewareImpl.Invoke(HttpContext context)
   at Microsoft.AspNetCore.Diagnostics.DeveloperExceptionPageMiddlewareImpl.Invoke(HttpContext context)
[2024-02-26 11:46:08.422 +00:00  ERR]  An unhandled exception has occurred while executing the request.
System.ArgumentException: IDX10703: Cannot create a 'Microsoft.IdentityModel.Tokens.SymmetricSecurityKey', key length is zero.
   at Microsoft.IdentityModel.Tokens.SymmetricSecurityKey..ctor(Byte[] key)
   at Program.<>c__DisplayClass0_0.<<Main>$>b__1(JwtBearerOptions options) in C:\Users\luisc\Documents\projects\angular\LCPSocialNetwork\api\LCPSNWebApi\Program.cs:line 59
   at Microsoft.Extensions.Options.OptionsFactory`1.Create(String name)
   at System.Lazy`1.ViaFactory(LazyThreadSafetyMode mode)
--- End of stack trace from previous location ---
   at System.Lazy`1.CreateValue()
   at Microsoft.Extensions.Options.OptionsCache`1.GetOrAdd[TArg](String name, Func`3 createOptions, TArg factoryArgument)
   at Microsoft.Extensions.Options.OptionsMonitor`1.Get(String name)
   at Microsoft.AspNetCore.Authentication.AuthenticationHandler`1.InitializeAsync(AuthenticationScheme scheme, HttpContext context)
   at Microsoft.AspNetCore.Authentication.AuthenticationHandlerProvider.GetHandlerAsync(HttpContext context, String authenticationScheme)
   at Microsoft.AspNetCore.Authentication.AuthenticationHandlerProvider.GetHandlerAsync(HttpContext context, String authenticationScheme)
   at Microsoft.AspNetCore.Authentication.AuthenticationService.AuthenticateAsync(HttpContext context, String scheme)
   at Microsoft.AspNetCore.Authentication.AuthenticationService.AuthenticateAsync(HttpContext context, String scheme)
   at Microsoft.AspNetCore.Authentication.AuthenticationMiddleware.Invoke(HttpContext context)
   at Microsoft.AspNetCore.Authentication.AuthenticationMiddleware.Invoke(HttpContext context)
   at Swashbuckle.AspNetCore.SwaggerUI.SwaggerUIMiddleware.Invoke(HttpContext httpContext)
   at Swashbuckle.AspNetCore.SwaggerUI.SwaggerUIMiddleware.Invoke(HttpContext httpContext)
   at Swashbuckle.AspNetCore.Swagger.SwaggerMiddleware.Invoke(HttpContext httpContext, ISwaggerProvider swaggerProvider)
   at Microsoft.AspNetCore.Diagnostics.DeveloperExceptionPageMiddlewareImpl.Invoke(HttpContext context)
   at Microsoft.AspNetCore.Diagnostics.DeveloperExceptionPageMiddlewareImpl.Invoke(HttpContext context)
[2024-02-26 11:46:08.449 +00:00  INF]  Request finished HTTP/2 GET https://localhost:5000/service-worker.js - 500 null text/plain; charset=utf-8 942.1554ms
[2024-02-26 11:46:08.497 +00:00  INF]  Request finished HTTP/2 GET https://localhost:5000/ - 500 null text/html; charset=utf-8 1850.4064ms
[2024-02-26 11:46:08.585 +00:00  INF]  Request starting HTTP/2 GET https://localhost:5000/_framework/aspnetcore-browser-refresh.js - null null
[2024-02-26 11:46:08.592 +00:00  INF]  Request finished HTTP/2 GET https://localhost:5000/_framework/aspnetcore-browser-refresh.js - 200 13732 application/javascript; charset=utf-8 6.2991ms
[2024-02-26 11:46:09.653 +00:00  INF]  Request starting HTTP/2 GET https://localhost:5000/service-worker.js - null null
[2024-02-26 11:46:09.657 +00:00  ERR]  An unhandled exception has occurred while executing the request.
System.ArgumentException: IDX10703: Cannot create a 'Microsoft.IdentityModel.Tokens.SymmetricSecurityKey', key length is zero.
   at Microsoft.IdentityModel.Tokens.SymmetricSecurityKey..ctor(Byte[] key)
   at Program.<>c__DisplayClass0_0.<<Main>$>b__1(JwtBearerOptions options) in C:\Users\luisc\Documents\projects\angular\LCPSocialNetwork\api\LCPSNWebApi\Program.cs:line 59
   at Microsoft.Extensions.Options.OptionsFactory`1.Create(String name)
   at System.Lazy`1.ViaFactory(LazyThreadSafetyMode mode)
--- End of stack trace from previous location ---
   at System.Lazy`1.CreateValue()
   at Microsoft.Extensions.Options.OptionsCache`1.GetOrAdd[TArg](String name, Func`3 createOptions, TArg factoryArgument)
   at Microsoft.Extensions.Options.OptionsMonitor`1.Get(String name)
   at Microsoft.AspNetCore.Authentication.AuthenticationHandler`1.InitializeAsync(AuthenticationScheme scheme, HttpContext context)
   at Microsoft.AspNetCore.Authentication.AuthenticationHandlerProvider.GetHandlerAsync(HttpContext context, String authenticationScheme)
   at Microsoft.AspNetCore.Authentication.AuthenticationService.AuthenticateAsync(HttpContext context, String scheme)
   at Microsoft.AspNetCore.Authentication.AuthenticationMiddleware.Invoke(HttpContext context)
   at Swashbuckle.AspNetCore.SwaggerUI.SwaggerUIMiddleware.Invoke(HttpContext httpContext)
   at Swashbuckle.AspNetCore.Swagger.SwaggerMiddleware.Invoke(HttpContext httpContext, ISwaggerProvider swaggerProvider)
   at Microsoft.AspNetCore.Diagnostics.DeveloperExceptionPageMiddlewareImpl.Invoke(HttpContext context)
[2024-02-26 11:46:09.658 +00:00  INF]  Request finished HTTP/2 GET https://localhost:5000/service-worker.js - 500 null text/plain; charset=utf-8 5.5945ms
[2024-02-26 11:46:27.278 +00:00  INF]  Request starting HTTP/2 GET https://localhost:5000/swagger/ - null null
[2024-02-26 11:46:27.279 +00:00  INF]  Request finished HTTP/2 GET https://localhost:5000/swagger/ - 301 0 null 0.4861ms
[2024-02-26 11:46:27.298 +00:00  INF]  Request starting HTTP/2 GET https://localhost:5000/swagger/index.html - null null
[2024-02-26 11:46:27.372 +00:00  INF]  Request finished HTTP/2 GET https://localhost:5000/swagger/index.html - 200 null text/html;charset=utf-8 73.3313ms
[2024-02-26 11:46:27.420 +00:00  INF]  Request starting HTTP/2 GET https://localhost:5000/_framework/aspnetcore-browser-refresh.js - null null
[2024-02-26 11:46:27.423 +00:00  INF]  Request starting HTTP/2 GET https://localhost:5000/swagger/swagger-ui.css - null null
[2024-02-26 11:46:27.423 +00:00  INF]  Request finished HTTP/2 GET https://localhost:5000/_framework/aspnetcore-browser-refresh.js - 200 13732 application/javascript; charset=utf-8 2.8445ms
[2024-02-26 11:46:27.425 +00:00  INF]  Request starting HTTP/2 GET https://localhost:5000/swagger/swagger-ui-bundle.js - null null
[2024-02-26 11:46:27.429 +00:00  INF]  The file /swagger-ui.css was not modified
[2024-02-26 11:46:27.429 +00:00  INF]  The file /swagger-ui-bundle.js was not modified
[2024-02-26 11:46:27.429 +00:00  INF]  Request finished HTTP/2 GET https://localhost:5000/swagger/swagger-ui-bundle.js - 304 null text/javascript 3.7342ms
[2024-02-26 11:46:27.429 +00:00  INF]  Request finished HTTP/2 GET https://localhost:5000/swagger/swagger-ui.css - 304 null text/css 6.208ms
[2024-02-26 11:46:27.434 +00:00  INF]  Request starting HTTP/2 GET https://localhost:5000/swagger/swagger-ui-standalone-preset.js - null null
[2024-02-26 11:46:27.435 +00:00  INF]  The file /swagger-ui-standalone-preset.js was not modified
[2024-02-26 11:46:27.437 +00:00  INF]  Request finished HTTP/2 GET https://localhost:5000/swagger/swagger-ui-standalone-preset.js - 304 null text/javascript 2.1863ms
[2024-02-26 11:46:27.632 +00:00  INF]  Request starting HTTP/2 GET https://localhost:5000/swagger/v1/swagger.json - null null
[2024-02-26 11:46:27.848 +00:00  INF]  Request finished HTTP/2 GET https://localhost:5000/swagger/v1/swagger.json - 200 null application/json;charset=utf-8 215.9824ms
[2024-02-26 11:46:28.291 +00:00  INF]  Request starting HTTP/2 GET https://localhost:5000/service-worker.js - null null
[2024-02-26 11:46:28.293 +00:00  ERR]  An unhandled exception has occurred while executing the request.
System.ArgumentException: IDX10703: Cannot create a 'Microsoft.IdentityModel.Tokens.SymmetricSecurityKey', key length is zero.
   at Microsoft.IdentityModel.Tokens.SymmetricSecurityKey..ctor(Byte[] key)
   at Program.<>c__DisplayClass0_0.<<Main>$>b__1(JwtBearerOptions options) in C:\Users\luisc\Documents\projects\angular\LCPSocialNetwork\api\LCPSNWebApi\Program.cs:line 59
   at Microsoft.Extensions.Options.OptionsFactory`1.Create(String name)
   at System.Lazy`1.ViaFactory(LazyThreadSafetyMode mode)
--- End of stack trace from previous location ---
   at System.Lazy`1.CreateValue()
   at Microsoft.Extensions.Options.OptionsCache`1.GetOrAdd[TArg](String name, Func`3 createOptions, TArg factoryArgument)
   at Microsoft.Extensions.Options.OptionsMonitor`1.Get(String name)
   at Microsoft.AspNetCore.Authentication.AuthenticationHandler`1.InitializeAsync(AuthenticationScheme scheme, HttpContext context)
   at Microsoft.AspNetCore.Authentication.AuthenticationHandlerProvider.GetHandlerAsync(HttpContext context, String authenticationScheme)
   at Microsoft.AspNetCore.Authentication.AuthenticationService.AuthenticateAsync(HttpContext context, String scheme)
   at Microsoft.AspNetCore.Authentication.AuthenticationMiddleware.Invoke(HttpContext context)
   at Swashbuckle.AspNetCore.SwaggerUI.SwaggerUIMiddleware.Invoke(HttpContext httpContext)
   at Swashbuckle.AspNetCore.Swagger.SwaggerMiddleware.Invoke(HttpContext httpContext, ISwaggerProvider swaggerProvider)
   at Microsoft.AspNetCore.Diagnostics.DeveloperExceptionPageMiddlewareImpl.Invoke(HttpContext context)
[2024-02-26 11:46:28.293 +00:00  INF]  Request finished HTTP/2 GET https://localhost:5000/service-worker.js - 500 null text/plain; charset=utf-8 2.1335ms
[2024-02-26 11:47:34.377 +00:00  INF]  Request starting HTTP/2 GET https://localhost:5000/api/user - null null
[2024-02-26 11:47:34.379 +00:00  ERR]  An unhandled exception has occurred while executing the request.
System.ArgumentException: IDX10703: Cannot create a 'Microsoft.IdentityModel.Tokens.SymmetricSecurityKey', key length is zero.
   at Microsoft.IdentityModel.Tokens.SymmetricSecurityKey..ctor(Byte[] key)
   at Program.<>c__DisplayClass0_0.<<Main>$>b__1(JwtBearerOptions options) in C:\Users\luisc\Documents\projects\angular\LCPSocialNetwork\api\LCPSNWebApi\Program.cs:line 59
   at Microsoft.Extensions.Options.OptionsFactory`1.Create(String name)
   at System.Lazy`1.ViaFactory(LazyThreadSafetyMode mode)
--- End of stack trace from previous location ---
   at System.Lazy`1.CreateValue()
   at Microsoft.Extensions.Options.OptionsCache`1.GetOrAdd[TArg](String name, Func`3 createOptions, TArg factoryArgument)
   at Microsoft.Extensions.Options.OptionsMonitor`1.Get(String name)
   at Microsoft.AspNetCore.Authentication.AuthenticationHandler`1.InitializeAsync(AuthenticationScheme scheme, HttpContext context)
   at Microsoft.AspNetCore.Authentication.AuthenticationHandlerProvider.GetHandlerAsync(HttpContext context, String authenticationScheme)
   at Microsoft.AspNetCore.Authentication.AuthenticationService.AuthenticateAsync(HttpContext context, String scheme)
   at Microsoft.AspNetCore.Authentication.AuthenticationMiddleware.Invoke(HttpContext context)
   at Swashbuckle.AspNetCore.SwaggerUI.SwaggerUIMiddleware.Invoke(HttpContext httpContext)
   at Swashbuckle.AspNetCore.Swagger.SwaggerMiddleware.Invoke(HttpContext httpContext, ISwaggerProvider swaggerProvider)
   at Microsoft.AspNetCore.Diagnostics.DeveloperExceptionPageMiddlewareImpl.Invoke(HttpContext context)
[2024-02-26 11:47:34.379 +00:00  INF]  Request finished HTTP/2 GET https://localhost:5000/api/user - 500 null text/plain; charset=utf-8 2.2261ms
[2024-02-26 11:47:35.412 +00:00  INF]  Request starting HTTP/2 GET https://localhost:5000/service-worker.js - null null
[2024-02-26 11:47:35.413 +00:00  ERR]  An unhandled exception has occurred while executing the request.
System.ArgumentException: IDX10703: Cannot create a 'Microsoft.IdentityModel.Tokens.SymmetricSecurityKey', key length is zero.
   at Microsoft.IdentityModel.Tokens.SymmetricSecurityKey..ctor(Byte[] key)
   at Program.<>c__DisplayClass0_0.<<Main>$>b__1(JwtBearerOptions options) in C:\Users\luisc\Documents\projects\angular\LCPSocialNetwork\api\LCPSNWebApi\Program.cs:line 59
   at Microsoft.Extensions.Options.OptionsFactory`1.Create(String name)
   at System.Lazy`1.ViaFactory(LazyThreadSafetyMode mode)
--- End of stack trace from previous location ---
   at System.Lazy`1.CreateValue()
   at Microsoft.Extensions.Options.OptionsCache`1.GetOrAdd[TArg](String name, Func`3 createOptions, TArg factoryArgument)
   at Microsoft.Extensions.Options.OptionsMonitor`1.Get(String name)
   at Microsoft.AspNetCore.Authentication.AuthenticationHandler`1.InitializeAsync(AuthenticationScheme scheme, HttpContext context)
   at Microsoft.AspNetCore.Authentication.AuthenticationHandlerProvider.GetHandlerAsync(HttpContext context, String authenticationScheme)
   at Microsoft.AspNetCore.Authentication.AuthenticationService.AuthenticateAsync(HttpContext context, String scheme)
   at Microsoft.AspNetCore.Authentication.AuthenticationMiddleware.Invoke(HttpContext context)
   at Swashbuckle.AspNetCore.SwaggerUI.SwaggerUIMiddleware.Invoke(HttpContext httpContext)
   at Swashbuckle.AspNetCore.Swagger.SwaggerMiddleware.Invoke(HttpContext httpContext, ISwaggerProvider swaggerProvider)
   at Microsoft.AspNetCore.Diagnostics.DeveloperExceptionPageMiddlewareImpl.Invoke(HttpContext context)
[2024-02-26 11:47:35.414 +00:00  INF]  Request finished HTTP/2 GET https://localhost:5000/service-worker.js - 500 null text/plain; charset=utf-8 2.4557ms
[2024-02-26 11:47:49.222 +00:00  INF]  Application is shutting down...
[2024-02-26 11:48:03.889 +00:00  INF]  User profile is available. Using 'C:\Users\luisc\AppData\Local\ASP.NET\DataProtection-Keys' as key repository and Windows DPAPI to encrypt keys at rest.
[2024-02-26 11:48:04.137 +00:00  INF]  Now listening on: https://localhost:5000
[2024-02-26 11:48:04.137 +00:00  INF]  Now listening on: http://localhost:5001
[2024-02-26 11:48:04.139 +00:00  INF]  Application started. Press Ctrl+C to shut down.
[2024-02-26 11:48:04.140 +00:00  INF]  Hosting environment: Development
[2024-02-26 11:48:04.140 +00:00  INF]  Content root path: C:\Users\luisc\Documents\projects\angular\LCPSocialNetwork\api\LCPSNWebApi
[2024-02-26 11:48:04.888 +00:00  INF]  Request starting HTTP/2 GET https://localhost:5000/ - null null
[2024-02-26 11:48:05.044 +00:00  INF]  Request finished HTTP/2 GET https://localhost:5000/ - 404 0 null 161.1276ms
[2024-02-26 11:48:05.046 +00:00  INF]  Request reached the end of the middleware pipeline without being handled by application code. Request path: GET https://localhost:5000/, Response status code: 404
[2024-02-26 11:48:05.710 +00:00  INF]  Request starting HTTP/2 GET https://localhost:5000/service-worker.js - null null
[2024-02-26 11:48:05.716 +00:00  INF]  Request finished HTTP/2 GET https://localhost:5000/service-worker.js - 404 0 null 5.4888ms
[2024-02-26 11:48:05.716 +00:00  INF]  Request reached the end of the middleware pipeline without being handled by application code. Request path: GET https://localhost:5000/service-worker.js, Response status code: 404
[2024-02-26 11:48:09.414 +00:00  INF]  Request starting HTTP/2 GET https://localhost:5000/swagger/ - null null
[2024-02-26 11:48:09.416 +00:00  INF]  Request finished HTTP/2 GET https://localhost:5000/swagger/ - 499 null null 1.7995ms
[2024-02-26 11:48:09.428 +00:00  INF]  Request starting HTTP/2 GET https://localhost:5000/swagger/index.html - null null
[2024-02-26 11:48:09.514 +00:00  INF]  Request finished HTTP/2 GET https://localhost:5000/swagger/index.html - 200 null text/html;charset=utf-8 86.1636ms
[2024-02-26 11:48:09.562 +00:00  INF]  Request starting HTTP/2 GET https://localhost:5000/_framework/aspnetcore-browser-refresh.js - null null
[2024-02-26 11:48:09.570 +00:00  INF]  Request finished HTTP/2 GET https://localhost:5000/_framework/aspnetcore-browser-refresh.js - 200 13732 application/javascript; charset=utf-8 7.6715ms
[2024-02-26 11:48:09.752 +00:00  INF]  Request starting HTTP/2 GET https://localhost:5000/swagger/v1/swagger.json - null null
[2024-02-26 11:48:10.066 +00:00  INF]  Request finished HTTP/2 GET https://localhost:5000/swagger/v1/swagger.json - 200 null application/json;charset=utf-8 313.4383ms
[2024-02-26 11:48:10.428 +00:00  INF]  Request starting HTTP/2 GET https://localhost:5000/service-worker.js - null null
[2024-02-26 11:48:10.433 +00:00  INF]  Request finished HTTP/2 GET https://localhost:5000/service-worker.js - 404 0 null 4.9789ms
[2024-02-26 11:48:10.433 +00:00  INF]  Request reached the end of the middleware pipeline without being handled by application code. Request path: GET https://localhost:5000/service-worker.js, Response status code: 404
[2024-02-26 11:48:17.768 +00:00  INF]  Request starting HTTP/2 GET https://localhost:5000/api/user - null null
[2024-02-26 11:48:17.803 +00:00  INF]  Authorization failed. These requirements were not met:
RolesAuthorizationRequirement:User.IsInRole must be true for one of the following roles: (Administrator|Moderator|User)
[2024-02-26 11:48:17.807 +00:00  INF]  AuthenticationScheme: Bearer was challenged.
[2024-02-26 11:48:17.808 +00:00  INF]  Request finished HTTP/2 GET https://localhost:5000/api/user - 401 0 null 39.4297ms
[2024-02-26 11:48:18.786 +00:00  INF]  Request starting HTTP/2 GET https://localhost:5000/service-worker.js - null null
[2024-02-26 11:48:18.787 +00:00  INF]  Request finished HTTP/2 GET https://localhost:5000/service-worker.js - 404 0 null 1.3004ms
[2024-02-26 11:48:18.788 +00:00  INF]  Request reached the end of the middleware pipeline without being handled by application code. Request path: GET https://localhost:5000/service-worker.js, Response status code: 404
[2024-02-26 11:48:38.671 +00:00  INF]  Request starting HTTP/2 POST https://localhost:5000/api/auth/login - application/json 52
[2024-02-26 11:48:38.674 +00:00  INF]  CORS policy execution successful.
[2024-02-26 11:48:38.677 +00:00  INF]  Executing endpoint 'LCPSNWebApi.Controllers.Auth.AuthController.Login (LCPSNWebApi)'
[2024-02-26 11:48:38.699 +00:00  INF]  Route matched with {action = "Login", controller = "Auth"}. Executing controller action with signature Microsoft.AspNetCore.Mvc.IActionResult Login(LCPSNWebApi.Classes.UserAuth) on controller LCPSNWebApi.Controllers.Auth.AuthController (LCPSNWebApi).
[2024-02-26 11:48:39.676 +00:00  INF]  Request starting HTTP/2 GET https://localhost:5000/service-worker.js - null null
[2024-02-26 11:48:39.677 +00:00  INF]  Request finished HTTP/2 GET https://localhost:5000/service-worker.js - 404 0 null 0.6397ms
[2024-02-26 11:48:39.677 +00:00  INF]  Request reached the end of the middleware pipeline without being handled by application code. Request path: GET https://localhost:5000/service-worker.js, Response status code: 404
[2024-02-26 11:48:44.508 +00:00  INF]  Executing OkObjectResult, writing value of type 'LCPSNWebApi.Classes.Auth.AuthenticatedResponse'.
[2024-02-26 11:48:44.545 +00:00  INF]  Executed action LCPSNWebApi.Controllers.Auth.AuthController.Login (LCPSNWebApi) in 5836.3299ms
[2024-02-26 11:48:44.545 +00:00  INF]  Executed endpoint 'LCPSNWebApi.Controllers.Auth.AuthController.Login (LCPSNWebApi)'
[2024-02-26 11:48:44.562 +00:00  INF]  Request finished HTTP/2 POST https://localhost:5000/api/auth/login - 200 null application/json; charset=utf-8 5890.4037ms
[2024-02-26 11:49:14.191 +00:00  INF]  Request starting HTTP/2 GET https://localhost:5000/api/user - null null
[2024-02-26 11:49:14.260 +00:00  INF]  Executing endpoint 'LCPSNWebApi.Controllers.UserController.GetUsers (LCPSNWebApi)'
[2024-02-26 11:49:14.265 +00:00  INF]  Route matched with {action = "GetUsers", controller = "User"}. Executing controller action with signature System.Threading.Tasks.Task`1[Microsoft.AspNetCore.Mvc.ActionResult`1[System.Collections.Generic.IEnumerable`1[LCPSNWebApi.Classes.User]]] GetUsers() on controller LCPSNWebApi.Controllers.UserController (LCPSNWebApi).
[2024-02-26 11:49:14.346 +00:00  INF]  Executing ObjectResult, writing value of type 'System.Collections.Generic.List`1[[LCPSNWebApi.Classes.User, LCPSNWebApi, Version=1.0.0.0, Culture=neutral, PublicKeyToken=null]]'.
[2024-02-26 11:49:14.348 +00:00  INF]  Executed action LCPSNWebApi.Controllers.UserController.GetUsers (LCPSNWebApi) in 82.649ms
[2024-02-26 11:49:14.348 +00:00  INF]  Executed endpoint 'LCPSNWebApi.Controllers.UserController.GetUsers (LCPSNWebApi)'
[2024-02-26 11:49:14.350 +00:00  INF]  Request finished HTTP/2 GET https://localhost:5000/api/user - 200 null application/json; charset=utf-8 158.3241ms
[2024-02-26 11:49:15.207 +00:00  INF]  Request starting HTTP/2 GET https://localhost:5000/service-worker.js - null null
[2024-02-26 11:49:15.208 +00:00  INF]  Request finished HTTP/2 GET https://localhost:5000/service-worker.js - 404 0 null 0.5958ms
[2024-02-26 11:49:15.208 +00:00  INF]  Request reached the end of the middleware pipeline without being handled by application code. Request path: GET https://localhost:5000/service-worker.js, Response status code: 404
[2024-02-26 11:49:32.925 +00:00  INF]  Application is shutting down...
